# JRE version: OpenJDK Runtime Environment Temurin-17.0.10+7 (17.0.10+7) (build 17.0.10+7)
# Java VM: OpenJDK 64-Bit Server VM Temurin-17.0.10+7 (17.0.10+7, mixed mode, emulated-client, tiered, compressed oops, compressed class ptrs, g1 gc, windows-amd64)
GC Precious Log:
 CPUs: 4 total, 4 available
 Memory: 8071M
 Large Page Support: Disabled
 NUMA Support: Disabled
 Compressed Oops: Enabled (32-bit)
 Heap Region Size: 1M
 Heap Min Capacity: 8M
 Heap Initial Capacity: 128M
 Heap Max Capacity: 1G
 Pre-touch: Disabled
 Parallel Workers: 4
 Concurrent Workers: 1
 Concurrent Refinement Workers: 4
 Periodic GC: Disabled
Heap:
 garbage-first heap   total 130048K, used 38614K [0x00000000c0000000, 0x0000000100000000)
  region size 1024K, 1 young (1024K), 0 survivors (0K)
 Metaspace       used 60001K, committed 60416K, reserved 1114112K
  class space    used 7497K, committed 7680K, reserved 1048576K
GC Heap History (20 events):
Event: 45496.160 GC heap before
{Heap before GC invocations=1394 (full 1377):
 garbage-first heap   total 130048K, used 38613K [0x00000000c0000000, 0x0000000100000000)
  region size 1024K, 1 young (1024K), 0 survivors (0K)
 Metaspace       used 60001K, committed 60416K, reserved 1114112K
  class space    used 7497K, committed 7680K, reserved 1048576K
}
Event: 45496.218 GC heap after
{Heap after GC invocations=1395 (full 1378):
 garbage-first heap   total 130048K, used 38613K [0x00000000c0000000, 0x0000000100000000)
  region size 1024K, 0 young (0K), 0 survivors (0K)
 Metaspace       used 60001K, committed 60416K, reserved 1114112K
  class space    used 7497K, committed 7680K, reserved 1048576K
}
Event: 45507.148 GC heap before
{Heap before GC invocations=1395 (full 1378):
 garbage-first heap   total 130048K, used 38613K [0x00000000c0000000, 0x0000000100000000)
  region size 1024K, 1 young (1024K), 0 survivors (0K)
 Metaspace       used 60001K, committed 60416K, reserved 1114112K
  class space    used 7497K, committed 7680K, reserved 1048576K
}
Event: 45507.211 GC heap after
{Heap after GC invocations=1396 (full 1379):
 garbage-first heap   total 130048K, used 38613K [0x00000000c0000000, 0x0000000100000000)
  region size 1024K, 0 young (0K), 0 survivors (0K)
 Metaspace       used 60001K, committed 60416K, reserved 1114112K
  class space    used 7497K, committed 7680K, reserved 1048576K
}
Event: 45518.161 GC heap before
{Heap before GC invocations=1396 (full 1379):
 garbage-first heap   total 130048K, used 38613K [0x00000000c0000000, 0x0000000100000000)
  region size 1024K, 1 young (1024K), 0 survivors (0K)
 Metaspace       used 60001K, committed 60416K, reserved 1114112K
  class space    used 7497K, committed 7680K, reserved 1048576K
}
Event: 45518.234 GC heap after
{Heap after GC invocations=1397 (full 1380):
 garbage-first heap   total 130048K, used 38613K [0x00000000c0000000, 0x0000000100000000)
  region size 1024K, 0 young (0K), 0 survivors (0K)
 Metaspace       used 60001K, committed 60416K, reserved 1114112K
  class space    used 7497K, committed 7680K, reserved 1048576K
}
Event: 45528.922 GC heap before
{Heap before GC invocations=1397 (full 1380):
 garbage-first heap   total 130048K, used 38613K [0x00000000c0000000, 0x0000000100000000)
  region size 1024K, 1 young (1024K), 0 survivors (0K)
 Metaspace       used 60001K, committed 60416K, reserved 1114112K
  class space    used 7497K, committed 7680K, reserved 1048576K
}
Event: 45528.988 GC heap after
{Heap after GC invocations=1398 (full 1381):
 garbage-first heap   total 130048K, used 38613K [0x00000000c0000000, 0x0000000100000000)
  region size 1024K, 0 young (0K), 0 survivors (0K)
 Metaspace       used 60001K, committed 60416K, reserved 1114112K
  class space    used 7497K, committed 7680K, reserved 1048576K
}
Event: 45539.330 GC heap before
{Heap before GC invocations=1398 (full 1381):
 garbage-first heap   total 130048K, used 38613K [0x00000000c0000000, 0x0000000100000000)
  region size 1024K, 1 young (1024K), 0 survivors (0K)
 Metaspace       used 60001K, committed 60416K, reserved 1114112K
  class space    used 7497K, committed 7680K, reserved 1048576K
}
Event: 45539.388 GC heap after
{Heap after GC invocations=1399 (full 1382):
 garbage-first heap   total 130048K, used 38613K [0x00000000c0000000, 0x0000000100000000)
  region size 1024K, 0 young (0K), 0 survivors (0K)
 Metaspace       used 60001K, committed 60416K, reserved 1114112K
  class space    used 7497K, committed 7680K, reserved 1048576K
}
Event: 45549.989 GC heap before
{Heap before GC invocations=1399 (full 1382):
 garbage-first heap   total 130048K, used 38613K [0x00000000c0000000, 0x0000000100000000)
  region size 1024K, 1 young (1024K), 0 survivors (0K)
 Metaspace       used 60001K, committed 60416K, reserved 1114112K
  class space    used 7497K, committed 7680K, reserved 1048576K
}
Event: 45550.059 GC heap after
{Heap after GC invocations=1400 (full 1383):
 garbage-first heap   total 130048K, used 38613K [0x00000000c0000000, 0x0000000100000000)
  region size 1024K, 0 young (0K), 0 survivors (0K)
 Metaspace       used 60001K, committed 60416K, reserved 1114112K
  class space    used 7497K, committed 7680K, reserved 1048576K
}
Event: 45560.870 GC heap before
{Heap before GC invocations=1400 (full 1383):
 garbage-first heap   total 130048K, used 38613K [0x00000000c0000000, 0x0000000100000000)
  region size 1024K, 1 young (1024K), 0 survivors (0K)
 Metaspace       used 60001K, committed 60416K, reserved 1114112K
  class space    used 7497K, committed 7680K, reserved 1048576K
}
Event: 45560.929 GC heap after
{Heap after GC invocations=1401 (full 1384):
 garbage-first heap   total 130048K, used 38613K [0x00000000c0000000, 0x0000000100000000)
  region size 1024K, 0 young (0K), 0 survivors (0K)
 Metaspace       used 60001K, committed 60416K, reserved 1114112K
  class space    used 7497K, committed 7680K, reserved 1048576K
}
Event: 45574.795 GC heap before
{Heap before GC invocations=1401 (full 1384):
 garbage-first heap   total 130048K, used 38613K [0x00000000c0000000, 0x0000000100000000)
  region size 1024K, 1 young (1024K), 0 survivors (0K)
 Metaspace       used 60001K, committed 60416K, reserved 1114112K
  class space    used 7497K, committed 7680K, reserved 1048576K
}
Event: 45574.861 GC heap after
{Heap after GC invocations=1402 (full 1385):
 garbage-first heap   total 130048K, used 38613K [0x00000000c0000000, 0x0000000100000000)
  region size 1024K, 0 young (0K), 0 survivors (0K)
 Metaspace       used 60001K, committed 60416K, reserved 1114112K
  class space    used 7497K, committed 7680K, reserved 1048576K
}
Event: 45621.237 GC heap before
{Heap before GC invocations=1402 (full 1385):
 garbage-first heap   total 130048K, used 38613K [0x00000000c0000000, 0x0000000100000000)
  region size 1024K, 1 young (1024K), 0 survivors (0K)
 Metaspace       used 60001K, committed 60416K, reserved 1114112K
  class space    used 7497K, committed 7680K, reserved 1048576K
}
Event: 45621.308 GC heap after
{Heap after GC invocations=1403 (full 1386):
 garbage-first heap   total 130048K, used 38614K [0x00000000c0000000, 0x0000000100000000)
  region size 1024K, 0 young (0K), 0 survivors (0K)
 Metaspace       used 60001K, committed 60416K, reserved 1114112K
  class space    used 7497K, committed 7680K, reserved 1048576K
}
Event: 45632.637 GC heap before
{Heap before GC invocations=1403 (full 1386):
 garbage-first heap   total 130048K, used 38614K [0x00000000c0000000, 0x0000000100000000)
  region size 1024K, 1 young (1024K), 0 survivors (0K)
 Metaspace       used 60001K, committed 60416K, reserved 1114112K
  class space    used 7497K, committed 7680K, reserved 1048576K
}
Event: 45632.694 GC heap after
{Heap after GC invocations=1404 (full 1387):
 garbage-first heap   total 130048K, used 38614K [0x00000000c0000000, 0x0000000100000000)
  region size 1024K, 0 young (0K), 0 survivors (0K)
 Metaspace       used 60001K, committed 60416K, reserved 1114112K
  class space    used 7497K, committed 7680K, reserved 1048576K
}

